<?xml version="1.0" encoding="UTF-8"?>
<!-- Generated by org.testng.reporters.JUnitReportReporter -->
<testsuite skipped="0" hostname="DESKTOP-HNEFM9B" name="com.randomNumber.randomNumber" tests="1" failures="0" timestamp="20 Dec 2018 15:46:22 GMT" time="39.880" errors="0">
  <testcase name="generateRandomNumber" time="39.880" classname="com.randomNumber.randomNumber"/>
</testsuite> <!-- com.randomNumber.randomNumber -->
