<?xml version="1.0" encoding="UTF-8"?>
<!-- Generated by org.testng.reporters.JUnitReportReporter -->
<testsuite hostname="DESKTOP-HNEFM9B" failures="0" tests="1" name="com.randomNumber.Test_1" time="12.996" errors="0" timestamp="12 Oct 2018 00:21:38 GMT" skipped="0">
  <testcase classname="com.randomNumber.Test_1" name="goToGoogle" time="12.996"/>
</testsuite> <!-- com.randomNumber.Test_1 -->
