<?xml version="1.0" encoding="UTF-8"?>
<!-- Generated by org.testng.reporters.JUnitReportReporter -->
<testsuite hostname="DESKTOP-HNEFM9B" failures="0" tests="1" name="com.randomNumber.Test_2" time="27.225" errors="0" timestamp="12 Oct 2018 01:44:44 GMT" skipped="0">
  <testcase classname="com.randomNumber.Test_2" name="generateRandomNumber" time="27.225"/>
</testsuite> <!-- com.randomNumber.Test_2 -->
